This is pdfTeX, Version 3.1415926-2.4-1.40.13 (TeX Live 2012) (format=pdflatex 2012.6.30)  2 MAY 2013 21:04
entering extended mode
 restricted \write18 enabled.
 %&-line parsing enabled.
**Project_3.tex
(./Project_3.tex
LaTeX2e <2011/06/27>
Babel <v3.8m> and hyphenation patterns for english, dumylang, nohyphenation, ge
rman-x-2012-05-30, ngerman-x-2012-05-30, afrikaans, ancientgreek, ibycus, arabi
c, armenian, basque, bulgarian, catalan, pinyin, coptic, croatian, czech, danis
h, dutch, ukenglish, usenglishmax, esperanto, estonian, ethiopic, farsi, finnis
h, french, friulan, galician, german, ngerman, swissgerman, monogreek, greek, h
ungarian, icelandic, assamese, bengali, gujarati, hindi, kannada, malayalam, ma
rathi, oriya, panjabi, tamil, telugu, indonesian, interlingua, irish, italian, 
kurmanji, latin, latvian, lithuanian, mongolian, mongolianlmc, bokmal, nynorsk,
 polish, portuguese, romanian, romansh, russian, sanskrit, serbian, serbianc, s
lovak, slovenian, spanish, swedish, turkish, turkmen, ukrainian, uppersorbian, 
welsh, loaded.
(/usr/local/texlive/2012/texmf-dist/tex/latex/base/article.cls
Document Class: article 2007/10/19 v1.4h Standard LaTeX document class
(/usr/local/texlive/2012/texmf-dist/tex/latex/base/size12.clo
File: size12.clo 2007/10/19 v1.4h Standard LaTeX file (size option)
)
\c@part=\count79
\c@section=\count80
\c@subsection=\count81
\c@subsubsection=\count82
\c@paragraph=\count83
\c@subparagraph=\count84
\c@figure=\count85
\c@table=\count86
\abovecaptionskip=\skip41
\belowcaptionskip=\skip42
\bibindent=\dimen102
)
(/usr/local/texlive/2012/texmf-dist/tex/latex/amscls/amsthm.sty
Package: amsthm 2009/07/02 v2.20.1
\thm@style=\toks14
\thm@bodyfont=\toks15
\thm@headfont=\toks16
\thm@notefont=\toks17
\thm@headpunct=\toks18
\thm@preskip=\skip43
\thm@postskip=\skip44
\thm@headsep=\skip45
\dth@everypar=\toks19
)
(/usr/local/texlive/2012/texmf-dist/tex/latex/amsfonts/amssymb.sty
Package: amssymb 2009/06/22 v3.00

(/usr/local/texlive/2012/texmf-dist/tex/latex/amsfonts/amsfonts.sty
Package: amsfonts 2009/06/22 v3.00 Basic AMSFonts support
\@emptytoks=\toks20
\symAMSa=\mathgroup4
\symAMSb=\mathgroup5
LaTeX Font Info:    Overwriting math alphabet `\mathfrak' in version `bold'
(Font)                  U/euf/m/n --> U/euf/b/n on input line 96.
))
(/usr/local/texlive/2012/texmf-dist/tex/latex/tools/enumerate.sty
Package: enumerate 1999/03/05 v3.00 enumerate extensions (DPC)
\@enLab=\toks21
)
(/usr/local/texlive/2012/texmf-dist/tex/latex/amsmath/amsmath.sty
Package: amsmath 2000/07/18 v2.13 AMS math features
\@mathmargin=\skip46

For additional information on amsmath, use the `?' option.
(/usr/local/texlive/2012/texmf-dist/tex/latex/amsmath/amstext.sty
Package: amstext 2000/06/29 v2.01

(/usr/local/texlive/2012/texmf-dist/tex/latex/amsmath/amsgen.sty
File: amsgen.sty 1999/11/30 v2.0
\@emptytoks=\toks22
\ex@=\dimen103
))
(/usr/local/texlive/2012/texmf-dist/tex/latex/amsmath/amsbsy.sty
Package: amsbsy 1999/11/29 v1.2d
\pmbraise@=\dimen104
)
(/usr/local/texlive/2012/texmf-dist/tex/latex/amsmath/amsopn.sty
Package: amsopn 1999/12/14 v2.01 operator names
)
\inf@bad=\count87
LaTeX Info: Redefining \frac on input line 211.
\uproot@=\count88
\leftroot@=\count89
LaTeX Info: Redefining \overline on input line 307.
\classnum@=\count90
\DOTSCASE@=\count91
LaTeX Info: Redefining \ldots on input line 379.
LaTeX Info: Redefining \dots on input line 382.
LaTeX Info: Redefining \cdots on input line 467.
\Mathstrutbox@=\box26
\strutbox@=\box27
\big@size=\dimen105
LaTeX Font Info:    Redeclaring font encoding OML on input line 567.
LaTeX Font Info:    Redeclaring font encoding OMS on input line 568.
\macc@depth=\count92
\c@MaxMatrixCols=\count93
\dotsspace@=\muskip10
\c@parentequation=\count94
\dspbrk@lvl=\count95
\tag@help=\toks23
\row@=\count96
\column@=\count97
\maxfields@=\count98
\andhelp@=\toks24
\eqnshift@=\dimen106
\alignsep@=\dimen107
\tagshift@=\dimen108
\tagwidth@=\dimen109
\totwidth@=\dimen110
\lineht@=\dimen111
\@envbody=\toks25
\multlinegap=\skip47
\multlinetaggap=\skip48
\mathdisplay@stack=\toks26
LaTeX Info: Redefining \[ on input line 2666.
LaTeX Info: Redefining \] on input line 2667.
)
(/usr/local/texlive/2012/texmf-dist/tex/latex/tools/verbatim.sty
Package: verbatim 2003/08/22 v1.5q LaTeX2e package for verbatim enhancements
\every@verbatim=\toks27
\verbatim@line=\toks28
\verbatim@in@stream=\read1
)
(/usr/local/texlive/2012/texmf-dist/tex/latex/graphics/graphicx.sty
Package: graphicx 1999/02/16 v1.0f Enhanced LaTeX Graphics (DPC,SPQR)

(/usr/local/texlive/2012/texmf-dist/tex/latex/graphics/keyval.sty
Package: keyval 1999/03/16 v1.13 key=value parser (DPC)
\KV@toks@=\toks29
)
(/usr/local/texlive/2012/texmf-dist/tex/latex/graphics/graphics.sty
Package: graphics 2009/02/05 v1.0o Standard LaTeX Graphics (DPC,SPQR)

(/usr/local/texlive/2012/texmf-dist/tex/latex/graphics/trig.sty
Package: trig 1999/03/16 v1.09 sin cos tan (DPC)
)
(/usr/local/texlive/2012/texmf-dist/tex/latex/latexconfig/graphics.cfg
File: graphics.cfg 2010/04/23 v1.9 graphics configuration of TeX Live
)
Package graphics Info: Driver file: pdftex.def on input line 91.

(/usr/local/texlive/2012/texmf-dist/tex/latex/pdftex-def/pdftex.def
File: pdftex.def 2011/05/27 v0.06d Graphics/color for pdfTeX

(/usr/local/texlive/2012/texmf-dist/tex/generic/oberdiek/infwarerr.sty
Package: infwarerr 2010/04/08 v1.3 Providing info/warning/error messages (HO)
)
(/usr/local/texlive/2012/texmf-dist/tex/generic/oberdiek/ltxcmds.sty
Package: ltxcmds 2011/11/09 v1.22 LaTeX kernel commands for general use (HO)
)
\Gread@gobject=\count99
))
\Gin@req@height=\dimen112
\Gin@req@width=\dimen113
)
(/usr/local/texlive/2012/texmf-dist/tex/latex/hyperref/hyperref.sty
Package: hyperref 2012/05/13 v6.82q Hypertext links for LaTeX

(/usr/local/texlive/2012/texmf-dist/tex/generic/oberdiek/hobsub-hyperref.sty
Package: hobsub-hyperref 2012/05/28 v1.13 Bundle oberdiek, subset hyperref (HO)


(/usr/local/texlive/2012/texmf-dist/tex/generic/oberdiek/hobsub-generic.sty
Package: hobsub-generic 2012/05/28 v1.13 Bundle oberdiek, subset generic (HO)
Package: hobsub 2012/05/28 v1.13 Construct package bundles (HO)
Package hobsub Info: Skipping package `infwarerr' (already loaded).
Package hobsub Info: Skipping package `ltxcmds' (already loaded).
Package: ifluatex 2010/03/01 v1.3 Provides the ifluatex switch (HO)
Package ifluatex Info: LuaTeX not detected.
Package: ifvtex 2010/03/01 v1.5 Detect VTeX and its facilities (HO)
Package ifvtex Info: VTeX not detected.
Package: intcalc 2007/09/27 v1.1 Expandable calculations with integers (HO)
Package: ifpdf 2011/01/30 v2.3 Provides the ifpdf switch (HO)
Package ifpdf Info: pdfTeX in PDF mode is detected.
Package: etexcmds 2011/02/16 v1.5 Avoid name clashes with e-TeX commands (HO)
Package etexcmds Info: Could not find \expanded.
(etexcmds)             That can mean that you are not using pdfTeX 1.50 or
(etexcmds)             that some package has redefined \expanded.
(etexcmds)             In the latter case, load this package earlier.
Package: kvsetkeys 2012/04/25 v1.16 Key value parser (HO)
Package: kvdefinekeys 2011/04/07 v1.3 Define keys (HO)
Package: pdftexcmds 2011/11/29 v0.20 Utility functions of pdfTeX for LuaTeX (HO
)
Package pdftexcmds Info: LuaTeX not detected.
Package pdftexcmds Info: \pdf@primitive is available.
Package pdftexcmds Info: \pdf@ifprimitive is available.
Package pdftexcmds Info: \pdfdraftmode found.
Package: pdfescape 2011/11/25 v1.13 Implements pdfTeX's escape features (HO)
Package: bigintcalc 2012/04/08 v1.3 Expandable calculations on big integers (HO
)
Package: bitset 2011/01/30 v1.1 Handle bit-vector datatype (HO)
Package: uniquecounter 2011/01/30 v1.2 Provide unlimited unique counter (HO)
)
Package hobsub Info: Skipping package `hobsub' (already loaded).
Package: letltxmacro 2010/09/02 v1.4 Let assignment for LaTeX macros (HO)
Package: hopatch 2012/05/28 v1.2 Wrapper for package hooks (HO)
Package: xcolor-patch 2011/01/30 xcolor patch
Package: atveryend 2011/06/30 v1.8 Hooks at the very end of document (HO)
Package atveryend Info: \enddocument detected (standard20110627).
Package: atbegshi 2011/10/05 v1.16 At begin shipout hook (HO)
Package: refcount 2011/10/16 v3.4 Data extraction from label references (HO)
Package: hycolor 2011/01/30 v1.7 Color options for hyperref/bookmark (HO)
)
(/usr/local/texlive/2012/texmf-dist/tex/generic/ifxetex/ifxetex.sty
Package: ifxetex 2010/09/12 v0.6 Provides ifxetex conditional
)
(/usr/local/texlive/2012/texmf-dist/tex/latex/oberdiek/kvoptions.sty
Package: kvoptions 2011/06/30 v3.11 Key value format for package options (HO)
)
\@linkdim=\dimen114
\Hy@linkcounter=\count100
\Hy@pagecounter=\count101

(/usr/local/texlive/2012/texmf-dist/tex/latex/hyperref/pd1enc.def
File: pd1enc.def 2012/05/13 v6.82q Hyperref: PDFDocEncoding definition (HO)
)
\Hy@SavedSpaceFactor=\count102

(/usr/local/texlive/2012/texmf-dist/tex/latex/latexconfig/hyperref.cfg
File: hyperref.cfg 2002/06/06 v1.2 hyperref configuration of TeXLive
)
Package hyperref Info: Hyper figures OFF on input line 4062.
Package hyperref Info: Link nesting OFF on input line 4067.
Package hyperref Info: Hyper index ON on input line 4070.
Package hyperref Info: Plain pages OFF on input line 4077.
Package hyperref Info: Backreferencing OFF on input line 4082.
Package hyperref Info: Implicit mode ON; LaTeX internals redefined.
Package hyperref Info: Bookmarks ON on input line 4300.
\c@Hy@tempcnt=\count103

(/usr/local/texlive/2012/texmf-dist/tex/latex/url/url.sty
\Urlmuskip=\muskip11
Package: url 2006/04/12  ver 3.3  Verb mode for urls, etc.
)
LaTeX Info: Redefining \url on input line 4653.
\Fld@menulength=\count104
\Field@Width=\dimen115
\Fld@charsize=\dimen116
Package hyperref Info: Hyper figures OFF on input line 5773.
Package hyperref Info: Link nesting OFF on input line 5778.
Package hyperref Info: Hyper index ON on input line 5781.
Package hyperref Info: backreferencing OFF on input line 5788.
Package hyperref Info: Link coloring OFF on input line 5793.
Package hyperref Info: Link coloring with OCG OFF on input line 5798.
Package hyperref Info: PDF/A mode OFF on input line 5803.
LaTeX Info: Redefining \ref on input line 5843.
LaTeX Info: Redefining \pageref on input line 5847.
\Hy@abspage=\count105
\c@Item=\count106
\c@Hfootnote=\count107
)

Package hyperref Message: Driver: hpdftex.

(/usr/local/texlive/2012/texmf-dist/tex/latex/hyperref/hpdftex.def
File: hpdftex.def 2012/05/13 v6.82q Hyperref driver for pdfTeX
\Fld@listcount=\count108
\c@bookmark@seq@number=\count109

(/usr/local/texlive/2012/texmf-dist/tex/latex/oberdiek/rerunfilecheck.sty
Package: rerunfilecheck 2011/04/15 v1.7 Rerun checks for auxiliary files (HO)
Package uniquecounter Info: New unique counter `rerunfilecheck' on input line 2
82.
)
\Hy@SectionHShift=\skip49
)
(/usr/local/texlive/2012/texmf-dist/tex/latex/fancyhdr/fancyhdr.sty
\fancy@headwidth=\skip50
\f@ncyO@elh=\skip51
\f@ncyO@erh=\skip52
\f@ncyO@olh=\skip53
\f@ncyO@orh=\skip54
\f@ncyO@elf=\skip55
\f@ncyO@erf=\skip56
\f@ncyO@olf=\skip57
\f@ncyO@orf=\skip58
)

Package Fancyhdr Warning: \fancyhead's `E' option without twoside option is use
less on input line 16.


Package Fancyhdr Warning: \fancyhead's `E' option without twoside option is use
less on input line 17.

(./Project_3.aux)
\openout1 = `Project_3.aux'.

LaTeX Font Info:    Checking defaults for OML/cmm/m/it on input line 19.
LaTeX Font Info:    ... okay on input line 19.
LaTeX Font Info:    Checking defaults for T1/cmr/m/n on input line 19.
LaTeX Font Info:    ... okay on input line 19.
LaTeX Font Info:    Checking defaults for OT1/cmr/m/n on input line 19.
LaTeX Font Info:    ... okay on input line 19.
LaTeX Font Info:    Checking defaults for OMS/cmsy/m/n on input line 19.
LaTeX Font Info:    ... okay on input line 19.
LaTeX Font Info:    Checking defaults for OMX/cmex/m/n on input line 19.
LaTeX Font Info:    ... okay on input line 19.
LaTeX Font Info:    Checking defaults for U/cmr/m/n on input line 19.
LaTeX Font Info:    ... okay on input line 19.
LaTeX Font Info:    Checking defaults for PD1/pdf/m/n on input line 19.
LaTeX Font Info:    ... okay on input line 19.

(/usr/local/texlive/2012/texmf-dist/tex/context/base/supp-pdf.mkii
[Loading MPS to PDF converter (version 2006.09.02).]
\scratchcounter=\count110
\scratchdimen=\dimen117
\scratchbox=\box28
\nofMPsegments=\count111
\nofMParguments=\count112
\everyMPshowfont=\toks30
\MPscratchCnt=\count113
\MPscratchDim=\dimen118
\MPnumerator=\count114
\makeMPintoPDFobject=\count115
\everyMPtoPDFconversion=\toks31
) (/usr/local/texlive/2012/texmf-dist/tex/latex/oberdiek/epstopdf-base.sty
Package: epstopdf-base 2010/02/09 v2.5 Base part for package epstopdf

(/usr/local/texlive/2012/texmf-dist/tex/latex/oberdiek/grfext.sty
Package: grfext 2010/08/19 v1.1 Manage graphics extensions (HO)
)
Package grfext Info: Graphics extension search list:
(grfext)             [.png,.pdf,.jpg,.mps,.jpeg,.jbig2,.jb2,.PNG,.PDF,.JPG,.JPE
G,.JBIG2,.JB2,.eps]
(grfext)             \AppendGraphicsExtensions on input line 452.

(/usr/local/texlive/2012/texmf-dist/tex/latex/latexconfig/epstopdf-sys.cfg
File: epstopdf-sys.cfg 2010/07/13 v1.3 Configuration of (r)epstopdf for TeX Liv
e
))
\AtBeginShipoutBox=\box29
Package hyperref Info: Link coloring OFF on input line 19.

(/usr/local/texlive/2012/texmf-dist/tex/latex/hyperref/nameref.sty
Package: nameref 2010/04/30 v2.40 Cross-referencing by name of section

(/usr/local/texlive/2012/texmf-dist/tex/generic/oberdiek/gettitlestring.sty
Package: gettitlestring 2010/12/03 v1.4 Cleanup title references (HO)
)
\c@section@level=\count116
)
LaTeX Info: Redefining \ref on input line 19.
LaTeX Info: Redefining \pageref on input line 19.
LaTeX Info: Redefining \nameref on input line 19.

(./Project_3.out) (./Project_3.out)
\@outlinefile=\write3
\openout3 = `Project_3.out'.

 (./title.tex
<twitterlogo.jpg, id=84, 948.54375pt x 653.44125pt>
File: twitterlogo.jpg Graphic file (type jpg)
 <use twitterlogo.jpg>
Package pdftex.def Info: twitterlogo.jpg used on input line 6.
(pdftex.def)             Requested size: 58.49762pt x 40.29158pt.
LaTeX Font Info:    Try loading font information for U+msa on input line 23.

(/usr/local/texlive/2012/texmf-dist/tex/latex/amsfonts/umsa.fd
File: umsa.fd 2009/06/22 v3.00 AMS symbols A
)
LaTeX Font Info:    Try loading font information for U+msb on input line 23.

(/usr/local/texlive/2012/texmf-dist/tex/latex/amsfonts/umsb.fd
File: umsb.fd 2009/06/22 v3.00 AMS symbols B
) [1

{/usr/local/texlive/2012/texmf-var/fonts/map/pdftex/updmap/pdftex.map} <./twitt
erlogo.jpg>]) (./Project_3.toc)
\tf@toc=\write4
\openout4 = `Project_3.toc'.



Package Fancyhdr Warning: \headheight is too small (12.0pt): 
 Make it at least 14.49998pt.
 We now make it that large for the rest of the document.
 This may cause the page layout to be inconsistent, however.

pdfTeX warning (ext4): destination with the same identifier (name{page.1}) has 
been already used, duplicate ignored
<to be read again> 
                   \relax 
l.23 
      [1]
Underfull \hbox (badness 10000) in paragraph at lines 40--40
[][][]\OT1/cmr/m/n/10 http://techcrunch.com/2012/07/30/analyst-twitter-passed-5
00m-users-in-june-2012-
 []

[2] [3] <tweetography.png, id=138, 640.3925pt x 348.30125pt>
File: tweetography.png Graphic file (type png)

<use tweetography.png>
Package pdftex.def Info: tweetography.png used on input line 78.
(pdftex.def)             Requested size: 397.48499pt x 216.18901pt.

Underfull \hbox (badness 10000) in paragraph at lines 77--82

 []


Overfull \hbox (7.48499pt too wide) in paragraph at lines 77--82
[] 
 []


Underfull \hbox (badness 10000) in paragraph at lines 77--82

 []

[4 <./tweetography.png>]
Overfull \hbox (0.16122pt too wide) in paragraph at lines 82--83
\OT1/cmr/m/n/12 http://www.wordle.net/ and http://www.jasondavies.com/wordcloud
/
 []


Overfull \hbox (24.26607pt too wide) in paragraph at lines 82--83
\OT1/cmr/m/n/12 sign was markedly dif-fer-ent. We re-ferred to http://norm.al/2
009/04/14/list-
 []


Overfull \hbox (14.97913pt too wide) in paragraph at lines 83--84
\OT1/cmr/m/n/12 http://square.github.io/crossfilter/ and http://nickqizhu.githu
b.io/dc.js/. 
 []

<project2.png, id=143, 1440.38126pt x 766.865pt>
File: project2.png Graphic file (type png)
 <use project2.png>
Package pdftex.def Info: project2.png used on input line 88.
(pdftex.def)             Requested size: 397.48499pt x 211.61986pt.

Underfull \hbox (badness 10000) in paragraph at lines 87--91

 []


Overfull \hbox (7.48499pt too wide) in paragraph at lines 87--91
[] 
 []


Underfull \hbox (badness 10000) in paragraph at lines 87--91

 []

[5 <./project2.png>] <splash.png, id=150, 998.73125pt x 740.7675pt>
File: splash.png Graphic file (type png)

<use splash.png>
Package pdftex.def Info: splash.png used on input line 112.
(pdftex.def)             Requested size: 397.48499pt x 294.80972pt.

Underfull \hbox (badness 10000) in paragraph at lines 111--114

 []


Overfull \hbox (7.48499pt too wide) in paragraph at lines 111--114
[] 
 []


Underfull \hbox (badness 10000) in paragraph at lines 111--114

 []

[6] <splash2.png, id=166, 981.6675pt x 806.01125pt>
File: splash2.png Graphic file (type png)
 <use splash2.png>
Package pdftex.def Info: splash2.png used on input line 116.
(pdftex.def)             Requested size: 397.48499pt x 326.35898pt.

Underfull \hbox (badness 10000) in paragraph at lines 115--118

 []


Overfull \hbox (7.48499pt too wide) in paragraph at lines 115--118
[] 
 []


Underfull \hbox (badness 10000) in paragraph at lines 115--118

 []

[7 <./splash.png>] <pheme2.jpg, id=171, 803.0pt x 612.2875pt>
File: pheme2.jpg Graphic file (type jpg)
 <use pheme2.jpg>
Package pdftex.def Info: pheme2.jpg used on input line 121.
(pdftex.def)             Requested size: 397.48499pt x 303.08792pt.

<cloud1.png, id=172, 271.0125pt x 219.31938pt>
File: cloud1.png Graphic file (type png)
 <use cloud1.png>
Package pdftex.def Info: cloud1.png used on input line 123.
(pdftex.def)             Requested size: 397.48499pt x 321.67944pt.

Underfull \hbox (badness 10000) in paragraph at lines 120--125

 []


Overfull \hbox (7.48499pt too wide) in paragraph at lines 120--125
[] 
 []


Underfull \hbox (badness 10000) in paragraph at lines 120--125

 []


Underfull \hbox (badness 10000) in paragraph at lines 120--125

 []


Overfull \hbox (7.48499pt too wide) in paragraph at lines 120--125
[] 
 []


Underfull \hbox (badness 10000) in paragraph at lines 120--125

 []

[8 <./splash2.png>] [9 <./pheme2.jpg>] [10 <./cloud1.png>]
<toomuch.png, id=188, 404.51125pt x 315.1775pt>
File: toomuch.png Graphic file (type png)
 <use toomuch.png>
Package pdftex.def Info: toomuch.png used on input line 132.
(pdftex.def)             Requested size: 397.48499pt x 309.70865pt.

<pheme4.jpg, id=189, 803.0pt x 639.38875pt>
File: pheme4.jpg Graphic file (type jpg)
 <use pheme4.jpg>
Package pdftex.def Info: pheme4.jpg used on input line 134.
(pdftex.def)             Requested size: 397.48499pt x 316.50328pt.

<fading.png, id=190, 521.95pt x 355.3275pt>
File: fading.png Graphic file (type png)
 <use fading.png>
Package pdftex.def Info: fading.png used on input line 136.
(pdftex.def)             Requested size: 397.48499pt x 270.59929pt.

Underfull \hbox (badness 10000) in paragraph at lines 131--138

 []


Overfull \hbox (7.48499pt too wide) in paragraph at lines 131--138
[] 
 []


Underfull \hbox (badness 10000) in paragraph at lines 131--138

 []


Underfull \hbox (badness 10000) in paragraph at lines 131--138

 []


Overfull \hbox (7.48499pt too wide) in paragraph at lines 131--138
[] 
 []


Underfull \hbox (badness 10000) in paragraph at lines 131--138

 []


Underfull \hbox (badness 10000) in paragraph at lines 131--138

 []


Overfull \hbox (7.48499pt too wide) in paragraph at lines 131--138
[] 
 []


Underfull \hbox (badness 10000) in paragraph at lines 131--138

 []

[11] [12 <./toomuch.png>] [13 <./pheme4.jpg>]
<lonely.png, id=205, 525.965pt x 393.47pt>
File: lonely.png Graphic file (type png)
 <use lonely.png>
Package pdftex.def Info: lonely.png used on input line 143.
(pdftex.def)             Requested size: 397.48499pt x 297.36522pt.

Underfull \hbox (badness 10000) in paragraph at lines 142--146

 []


Overfull \hbox (7.48499pt too wide) in paragraph at lines 142--146
[] 
 []


Underfull \hbox (badness 10000) in paragraph at lines 142--146

 []

[14 <./fading.png>] [15 <./lonely.png>]
<pheme3.jpg, id=217, 803.0pt x 607.26875pt>
File: pheme3.jpg Graphic file (type jpg)
 <use pheme3.jpg>
Package pdftex.def Info: pheme3.jpg used on input line 154.
(pdftex.def)             Requested size: 397.48499pt x 300.60359pt.

<pheme5.jpg, id=218, 803.0pt x 649.42625pt>
File: pheme5.jpg Graphic file (type jpg)
 <use pheme5.jpg>
Package pdftex.def Info: pheme5.jpg used on input line 156.
(pdftex.def)             Requested size: 397.48499pt x 321.47194pt.

<temporal.jpg, id=219, 2045.6425pt x 1403.2425pt>
File: temporal.jpg Graphic file (type jpg)
 <use temporal.jpg>
Package pdftex.def Info: temporal.jpg used on input line 158.
(pdftex.def)             Requested size: 397.48499pt x 272.65695pt.

Underfull \hbox (badness 10000) in paragraph at lines 153--160

 []


Overfull \hbox (7.48499pt too wide) in paragraph at lines 153--160
[] 
 []


Underfull \hbox (badness 10000) in paragraph at lines 153--160

 []


Underfull \hbox (badness 10000) in paragraph at lines 153--160

 []


Overfull \hbox (7.48499pt too wide) in paragraph at lines 153--160
[] 
 []


Underfull \hbox (badness 10000) in paragraph at lines 153--160

 []


Underfull \hbox (badness 10000) in paragraph at lines 153--160

 []


Overfull \hbox (7.48499pt too wide) in paragraph at lines 153--160
[] 
 []


Underfull \hbox (badness 10000) in paragraph at lines 153--160

 []

[16] [17 <./pheme3.jpg>] [18 <./pheme5.jpg>] [19 <./temporal.jpg>]
Overfull \hbox (2.52881pt too wide) in paragraph at lines 166--167
[]\OT1/cmr/m/n/12 Details-on-Demand. Our vi-su-al-iza-tion sup-ports details-on
-demand with
 []

File: lonely.png Graphic file (type png)
<use lonely.png>
Package pdftex.def Info: lonely.png used on input line 174.
(pdftex.def)             Requested size: 397.48499pt x 297.36522pt.
 <fenway1.png, id=238, 794.97pt x 641.39626pt>
File: fenway1.png Graphic file (type png)

<use fenway1.png>
Package pdftex.def Info: fenway1.png used on input line 176.
(pdftex.def)             Requested size: 397.48499pt x 320.70712pt.

Underfull \hbox (badness 10000) in paragraph at lines 173--178

 []


Overfull \hbox (7.48499pt too wide) in paragraph at lines 173--178
[] 
 []


Underfull \hbox (badness 10000) in paragraph at lines 173--178

 []


Underfull \hbox (badness 10000) in paragraph at lines 173--178

 []


Overfull \hbox (7.48499pt too wide) in paragraph at lines 173--178
[] 
 []


Underfull \hbox (badness 10000) in paragraph at lines 173--178

 []

[20] [21] [22 <./fenway1.png>]
Package atveryend Info: Empty hook `BeforeClearDocument' on input line 190.
 [23]
Package atveryend Info: Empty hook `AfterLastShipout' on input line 190.
 (./Project_3.aux)
Package atveryend Info: Executing hook `AtVeryEndDocument' on input line 190.
Package atveryend Info: Executing hook `AtEndAfterFileList' on input line 190.
Package rerunfilecheck Info: File `Project_3.out' has not changed.
(rerunfilecheck)             Checksum: CB13CBF9773FEDC7236F10B45B030422;1249.
Package atveryend Info: Empty hook `AtVeryVeryEnd' on input line 190.
 ) 
Here is how much of TeX's memory you used:
 6232 strings out of 493488
 88698 string characters out of 3141326
 173179 words of memory out of 3000000
 9382 multiletter control sequences out of 15000+200000
 13404 words of font info for 51 fonts, out of 3000000 for 9000
 957 hyphenation exceptions out of 8191
 29i,10n,43p,1591b,407s stack positions out of 5000i,500n,10000p,200000b,50000s
</usr/local/texlive/2012/texmf-dist/fonts/type1/public/amsfonts/cm/cmbx12.pfb
></usr/local/texlive/2012/texmf-dist/fonts/type1/public/amsfonts/cm/cmcsc10.pfb
></usr/local/texlive/2012/texmf-dist/fonts/type1/public/amsfonts/cm/cmmi12.pfb>
</usr/local/texlive/2012/texmf-dist/fonts/type1/public/amsfonts/cm/cmr10.pfb></
usr/local/texlive/2012/texmf-dist/fonts/type1/public/amsfonts/cm/cmr12.pfb></us
r/local/texlive/2012/texmf-dist/fonts/type1/public/amsfonts/cm/cmr7.pfb></usr/l
ocal/texlive/2012/texmf-dist/fonts/type1/public/amsfonts/cm/cmr8.pfb></usr/loca
l/texlive/2012/texmf-dist/fonts/type1/public/amsfonts/cm/cmti12.pfb>
Output written on Project_3.pdf (24 pages, 5296971 bytes).
PDF statistics:
 308 PDF objects out of 1000 (max. 8388607)
 255 compressed objects within 3 object streams
 74 named destinations out of 1000 (max. 500000)
 236 words of extra memory for PDF output out of 10000 (max. 10000000)

