\BOOKMARK [1][-]{section.1}{Introduction}{}% 1
\BOOKMARK [2][-]{subsection.1.1}{Motivation}{section.1}% 2
\BOOKMARK [2][-]{subsection.1.2}{Goals}{section.1}% 3
\BOOKMARK [1][-]{section.2}{Description of Data}{}% 4
\BOOKMARK [2][-]{subsection.2.1}{Source}{section.2}% 5
\BOOKMARK [2][-]{subsection.2.2}{Scraping Method}{section.2}% 6
\BOOKMARK [1][-]{section.3}{Related Work}{}% 7
\BOOKMARK [1][-]{section.4}{Design Evolution}{}% 8
\BOOKMARK [2][-]{subsection.4.1}{Technical Design}{section.4}% 9
\BOOKMARK [2][-]{subsection.4.2}{Visualization Evolution}{section.4}% 10
\BOOKMARK [3][-]{subsubsection.4.2.1}{User Flow}{subsection.4.2}% 11
\BOOKMARK [3][-]{subsubsection.4.2.2}{Natural Language Processing}{subsection.4.2}% 12
\BOOKMARK [3][-]{subsubsection.4.2.3}{Tweet Fading}{subsection.4.2}% 13
\BOOKMARK [3][-]{subsubsection.4.2.4}{Clustering Improvements}{subsection.4.2}% 14
\BOOKMARK [3][-]{subsubsection.4.2.5}{Tweet Scrubber}{subsection.4.2}% 15
\BOOKMARK [1][-]{section.5}{Visualizations and Discussion}{}% 16
\BOOKMARK [2][-]{subsection.5.1}{Visualization}{section.5}% 17
\BOOKMARK [2][-]{subsection.5.2}{Discussion}{section.5}% 18
\BOOKMARK [3][-]{subsubsection.5.2.1}{Improvements}{subsection.5.2}% 19
\BOOKMARK [3][-]{subsubsection.5.2.2}{Story Telling}{subsection.5.2}% 20
\BOOKMARK [1][-]{section.6}{Conclusion}{}% 21
\BOOKMARK [2][-]{subsection.6.1}{Future Work}{section.6}% 22
